#
# A fatal error has been detected by the Java Runtime Environment:
#
#  EXCEPTION_ACCESS_VIOLATION (0xc0000005) at pc=0x000000005a8bd0fa, pid=7824, tid=5164
#
# JRE version: Java(TM) SE Runtime Environment (8.0_25-b18) (build 1.8.0_25-b18)
# Java VM: Java HotSpot(TM) 64-Bit Server VM (25.25-b02 mixed mode windows-amd64 compressed oops)
# Problematic frame:
# C  [atio6axx.dll+0x2bd0fa]
#
# Failed to write core dump. Minidumps are not enabled by default on client versions of Windows
#
# If you would like to submit a bug report, please visit:
#   http://bugreport.sun.com/bugreport/crash.jsp
# The crash happened outside the Java Virtual Machine in native code.
# See problematic frame for where to report the bug.
#

---------------  T H R E A D  ---------------

Current thread (0x000000000034d800):  JavaThread "main" [_thread_in_native, id=5164, stack(0x0000000002730000,0x0000000002830000)]

siginfo: ExceptionCode=0xc0000005, writing address 0x0000000000002848

Registers:
RAX=0x0000000000000000, RBX=0x0000000000000000, RCX=0x0000000000000000, RDX=0x000000005bffc000
RSP=0x000000000282ee20, RBP=0x0000000000011599, RSI=0x000000005ea42460, RDI=0x0000000000000000
R8 =0x000007fffffdc000, R9 =0x000000000000017c, R10=0x00000000c0000017, R11=0x0000000000000286
R12=0x0000000000000000, R13=0x00000000de9911a0, R14=0x000000000282ef00, R15=0x000000005bffc000
RIP=0x000000005a8bd0fa, EFLAGS=0x0000000000010202

Top of Stack: (sp=0x000000000282ee20)
0x000000000282ee20:   0000000000000003 00000000000028d7
0x000000000282ee30:   00000000dea77b20 0000000000000000
0x000000000282ee40:   0000000000000000 000000005b370dc1
0x000000000282ee50:   0000000000000000 000000005ea42460
0x000000000282ee60:   0000000000000000 0000000000000000
0x000000000282ee70:   000000000282ef40 00000000de9911a0
0x000000000282ee80:   000000005bffc000 000000005ab57dfe
0x000000000282ee90:   0000000000011599 000000000034d800
0x000000000282eea0:   000000005bfca058 000000000282ef50
0x000000000282eeb0:   000000005bfca058 000000000282ef38
0x000000000282eec0:   00000000dea77b20 0000000000000000
0x000000000282eed0:   00000000dea77a38 0000000000000000
0x000000000282eee0:   00000000dea733c0 0000000002af640a
0x000000000282eef0:   000000000282ef50 0000000058a1dec0
0x000000000282ef00:   000000005c165240 00000000dea77660
0x000000000282ef10:   0000000000001d58 0000000000001d58 

Instructions: (pc=0x000000005a8bd0fa)
0x000000005a8bd0da:   5c 24 30 89 be bc 43 00 00 48 8b 74 24 38 48 83
0x000000005a8bd0ea:   c4 20 5f c3 cc cc 48 89 5c 24 08 57 48 83 ec 20
0x000000005a8bd0fa:   48 89 91 48 28 00 00 8b 41 30 c7 41 40 04 00 00
0x000000005a8bd10a:   00 25 07 3f 03 00 33 ff 41 b9 01 00 00 00 89 79 


Register to memory mapping:

RAX=0x0000000000000000 is an unknown value
RBX=0x0000000000000000 is an unknown value
RCX=0x0000000000000000 is an unknown value
RDX=0x000000005bffc000 is an unknown value
RSP=0x000000000282ee20 is pointing into the stack for thread: 0x000000000034d800
RBP=0x0000000000011599 is an unknown value
RSI=0x000000005ea42460 is an unknown value
RDI=0x0000000000000000 is an unknown value
R8 =0x000007fffffdc000 is an unknown value
R9 =0x000000000000017c is an unknown value
R10=0x00000000c0000017 is an unallocated location in the heap
R11=0x0000000000000286 is an unknown value
R12=0x0000000000000000 is an unknown value
R13=0x00000000de9911a0 is an oop
renderEngine.Loader 
 - klass: 'renderEngine/Loader'
R14=0x000000000282ef00 is pointing into the stack for thread: 0x000000000034d800
R15=0x000000005bffc000 is an unknown value


Stack: [0x0000000002730000,0x0000000002830000],  sp=0x000000000282ee20,  free space=1019k
Native frames: (J=compiled Java code, j=interpreted, Vv=VM code, C=native code)
C  [atio6axx.dll+0x2bd0fa]

Java frames: (J=compiled Java code, j=interpreted, Vv=VM code)
J 618  org.lwjgl.opengl.GL30.nglBindVertexArray(IJ)V (0 bytes) @ 0x0000000002af6384 [0x0000000002af6340+0x44]
J 669 C2 renderEngine.Loader.loadToVAO([F[F[F[I)Lmodels/RawModel; (55 bytes) @ 0x0000000002b208a0 [0x0000000002b202a0+0x600]
J 714 C2 renderEngine.AnimationLoader.animation(Lentities/Entity;LrenderEngine/Loader;)V (288 bytes) @ 0x0000000002b3611c [0x0000000002b35e00+0x31c]
j  engineTester.MainGameLoop.main([Ljava/lang/String;)V+666
v  ~StubRoutines::call_stub

---------------  P R O C E S S  ---------------

Java Threads: ( => current thread )
  0x0000000068038800 JavaThread "LWJGL Timer" daemon [_thread_blocked, id=6712, stack(0x0000000062860000,0x0000000062960000)]
  0x0000000058c3c800 JavaThread "AWT-Windows" daemon [_thread_in_native, id=9056, stack(0x0000000059b10000,0x0000000059c10000)]
  0x0000000058c3a800 JavaThread "Java2D Disposer" daemon [_thread_blocked, id=5516, stack(0x00000000596c0000,0x00000000597c0000)]
  0x0000000058934800 JavaThread "Service Thread" daemon [_thread_blocked, id=9068, stack(0x0000000058f50000,0x0000000059050000)]
  0x00000000588ad800 JavaThread "C1 CompilerThread2" daemon [_thread_blocked, id=1240, stack(0x00000000591b0000,0x00000000592b0000)]
  0x00000000588aa000 JavaThread "C2 CompilerThread1" daemon [_thread_blocked, id=2744, stack(0x00000000592c0000,0x00000000593c0000)]
  0x0000000058894000 JavaThread "C2 CompilerThread0" daemon [_thread_blocked, id=8180, stack(0x00000000590a0000,0x00000000591a0000)]
  0x000000005767b000 JavaThread "Attach Listener" daemon [_thread_blocked, id=7916, stack(0x0000000058ca0000,0x0000000058da0000)]
  0x0000000058893000 JavaThread "Signal Dispatcher" daemon [_thread_blocked, id=6060, stack(0x0000000058e40000,0x0000000058f40000)]
  0x0000000057614000 JavaThread "Finalizer" daemon [_thread_blocked, id=4268, stack(0x00000000584e0000,0x00000000585e0000)]
  0x0000000057609000 JavaThread "Reference Handler" daemon [_thread_blocked, id=6948, stack(0x0000000058780000,0x0000000058880000)]
=>0x000000000034d800 JavaThread "main" [_thread_in_native, id=5164, stack(0x0000000002730000,0x0000000002830000)]

Other Threads:
  0x0000000057605800 VMThread [stack: 0x0000000058600000,0x0000000058700000] [id=8084]
  0x000000005893f800 WatcherThread [stack: 0x0000000059520000,0x0000000059620000] [id=8880]

VM state:not at safepoint (normal execution)

VM Mutex/Monitor currently owned by a thread: None

Heap:
 PSYoungGen      total 145920K, used 129973K [0x00000000d5900000, 0x00000000df600000, 0x0000000100000000)
  eden space 133120K, 91% used [0x00000000d5900000,0x00000000dd06f250,0x00000000ddb00000)
  from space 12800K, 59% used [0x00000000de980000,0x00000000df0fe540,0x00000000df600000)
  to   space 13824K, 0% used [0x00000000ddb00000,0x00000000ddb00000,0x00000000de880000)
 ParOldGen       total 87552K, used 15133K [0x0000000080a00000, 0x0000000085f80000, 0x00000000d5900000)
  object space 87552K, 17% used [0x0000000080a00000,0x00000000818c77a0,0x0000000085f80000)
 Metaspace       used 6987K, capacity 7091K, committed 7168K, reserved 1056768K
  class space    used 698K, capacity 764K, committed 768K, reserved 1048576K

Card table byte_map: [0x0000000011bf0000,0x0000000011ff0000] byte_map_base: 0x00000000117eb000

Marking Bits: (ParMarkBitMap*) 0x0000000063cad490
 Begin Bits: [0x00000000128d0000, 0x00000000148a8000)
 End Bits:   [0x00000000148a8000, 0x0000000016880000)

Polling page: 0x0000000000330000

CodeCache: size=245760Kb used=3073Kb max_used=3084Kb free=242686Kb
 bounds [0x0000000002830000, 0x0000000002b40000, 0x0000000011830000]
 total_blobs=1174 nmethods=716 adapters=372
 compilation: enabled

Compilation events (10 events):
Event: 3.189 Thread 0x00000000588ad800 nmethod 712 0x0000000002b2afd0 code [0x0000000002b2b180, 0x0000000002b2b7a8]
Event: 3.195 Thread 0x0000000058894000 nmethod 711% 0x0000000002b2e5d0 code [0x0000000002b2e7e0, 0x0000000002b2f448]
Event: 3.309 Thread 0x00000000588aa000  713 %     4       renderEngine.AnimationLoader::animation @ 121 (288 bytes)
Event: 3.321 Thread 0x00000000588aa000 nmethod 713% 0x0000000002b33c90 code [0x0000000002b33e60, 0x0000000002b34ca8]
Event: 3.441 Thread 0x0000000058894000  714       4       renderEngine.AnimationLoader::animation (288 bytes)
Event: 3.450 Thread 0x0000000058894000 nmethod 714 0x0000000002b35c50 code [0x0000000002b35e00, 0x0000000002b36848]
Event: 3.482 Thread 0x00000000588ad800  715       3       org.lwjgl.util.vector.Matrix4f::<init> (10 bytes)
Event: 3.483 Thread 0x00000000588ad800 nmethod 715 0x0000000002b2aa90 code [0x0000000002b2ac00, 0x0000000002b2aea8]
Event: 3.483 Thread 0x00000000588ad800  716       1       java.nio.HeapByteBuffer::ix (7 bytes)
Event: 3.483 Thread 0x00000000588ad800 nmethod 716 0x0000000002b2a7d0 code [0x0000000002b2a920, 0x0000000002b2aa30]

GC Heap History (10 events):
Event: 1.176 GC heap before
{Heap before GC invocations=2 (full 0):
 PSYoungGen      total 38400K, used 36164K [0x00000000d5900000, 0x00000000d8380000, 0x0000000100000000)
  eden space 33280K, 100% used [0x00000000d5900000,0x00000000d7980000,0x00000000d7980000)
  from space 5120K, 56% used [0x00000000d7980000,0x00000000d7c51020,0x00000000d7e80000)
  to   space 5120K, 0% used [0x00000000d7e80000,0x00000000d7e80000,0x00000000d8380000)
 ParOldGen       total 87552K, used 8K [0x0000000080a00000, 0x0000000085f80000, 0x00000000d5900000)
  object space 87552K, 0% used [0x0000000080a00000,0x0000000080a02000,0x0000000085f80000)
 Metaspace       used 6328K, capacity 6419K, committed 6656K, reserved 1056768K
  class space    used 633K, capacity 668K, committed 768K, reserved 1048576K
Event: 1.179 GC heap after
Heap after GC invocations=2 (full 0):
 PSYoungGen      total 38400K, used 3561K [0x00000000d5900000, 0x00000000da400000, 0x0000000100000000)
  eden space 33280K, 0% used [0x00000000d5900000,0x00000000d5900000,0x00000000d7980000)
  from space 5120K, 69% used [0x00000000d7e80000,0x00000000d81fa5e8,0x00000000d8380000)
  to   space 5120K, 0% used [0x00000000d7980000,0x00000000d7980000,0x00000000d7e80000)
 ParOldGen       total 87552K, used 16K [0x0000000080a00000, 0x0000000085f80000, 0x00000000d5900000)
  object space 87552K, 0% used [0x0000000080a00000,0x0000000080a04000,0x0000000085f80000)
 Metaspace       used 6328K, capacity 6419K, committed 6656K, reserved 1056768K
  class space    used 633K, capacity 668K, committed 768K, reserved 1048576K
}
Event: 1.203 GC heap before
{Heap before GC invocations=3 (full 0):
 PSYoungGen      total 38400K, used 36841K [0x00000000d5900000, 0x00000000da400000, 0x0000000100000000)
  eden space 33280K, 100% used [0x00000000d5900000,0x00000000d7980000,0x00000000d7980000)
  from space 5120K, 69% used [0x00000000d7e80000,0x00000000d81fa5e8,0x00000000d8380000)
  to   space 5120K, 0% used [0x00000000d7980000,0x00000000d7980000,0x00000000d7e80000)
 ParOldGen       total 87552K, used 16K [0x0000000080a00000, 0x0000000085f80000, 0x00000000d5900000)
  object space 87552K, 0% used [0x0000000080a00000,0x0000000080a04000,0x0000000085f80000)
 Metaspace       used 6331K, capacity 6419K, committed 6656K, reserved 1056768K
  class space    used 633K, capacity 668K, committed 768K, reserved 1048576K
Event: 1.212 GC heap after
Heap after GC invocations=3 (full 0):
 PSYoungGen      total 38400K, used 5094K [0x00000000d5900000, 0x00000000da400000, 0x0000000100000000)
  eden space 33280K, 0% used [0x00000000d5900000,0x00000000d5900000,0x00000000d7980000)
  from space 5120K, 99% used [0x00000000d7980000,0x00000000d7e798d0,0x00000000d7e80000)
  to   space 5120K, 0% used [0x00000000d9f00000,0x00000000d9f00000,0x00000000da400000)
 ParOldGen       total 87552K, used 1872K [0x0000000080a00000, 0x0000000085f80000, 0x00000000d5900000)
  object space 87552K, 2% used [0x0000000080a00000,0x0000000080bd4000,0x0000000085f80000)
 Metaspace       used 6331K, capacity 6419K, committed 6656K, reserved 1056768K
  class space    used 633K, capacity 668K, committed 768K, reserved 1048576K
}
Event: 1.233 GC heap before
{Heap before GC invocations=4 (full 0):
 PSYoungGen      total 38400K, used 38374K [0x00000000d5900000, 0x00000000da400000, 0x0000000100000000)
  eden space 33280K, 100% used [0x00000000d5900000,0x00000000d7980000,0x00000000d7980000)
  from space 5120K, 99% used [0x00000000d7980000,0x00000000d7e798d0,0x00000000d7e80000)
  to   space 5120K, 0% used [0x00000000d9f00000,0x00000000d9f00000,0x00000000da400000)
 ParOldGen       total 87552K, used 1872K [0x0000000080a00000, 0x0000000085f80000, 0x00000000d5900000)
  object space 87552K, 2% used [0x0000000080a00000,0x0000000080bd4000,0x0000000085f80000)
 Metaspace       used 6331K, capacity 6419K, committed 6656K, reserved 1056768K
  class space    used 633K, capacity 668K, committed 768K, reserved 1048576K
Event: 1.239 GC heap after
Heap after GC invocations=4 (full 0):
 PSYoungGen      total 71680K, used 5092K [0x00000000d5900000, 0x00000000da400000, 0x0000000100000000)
  eden space 66560K, 0% used [0x00000000d5900000,0x00000000d5900000,0x00000000d9a00000)
  from space 5120K, 99% used [0x00000000d9f00000,0x00000000da3f92d8,0x00000000da400000)
  to   space 5120K, 0% used [0x00000000d9a00000,0x00000000d9a00000,0x00000000d9f00000)
 ParOldGen       total 87552K, used 9312K [0x0000000080a00000, 0x0000000085f80000, 0x00000000d5900000)
  object space 87552K, 10% used [0x0000000080a00000,0x0000000081318000,0x0000000085f80000)
 Metaspace       used 6331K, capacity 6419K, committed 6656K, reserved 1056768K
  class space    used 633K, capacity 668K, committed 768K, reserved 1048576K
}
Event: 1.304 GC heap before
{Heap before GC invocations=5 (full 0):
 PSYoungGen      total 71680K, used 71652K [0x00000000d5900000, 0x00000000da400000, 0x0000000100000000)
  eden space 66560K, 100% used [0x00000000d5900000,0x00000000d9a00000,0x00000000d9a00000)
  from space 5120K, 99% used [0x00000000d9f00000,0x00000000da3f92d8,0x00000000da400000)
  to   space 5120K, 0% used [0x00000000d9a00000,0x00000000d9a00000,0x00000000d9f00000)
 ParOldGen       total 87552K, used 9312K [0x0000000080a00000, 0x0000000085f80000, 0x00000000d5900000)
  object space 87552K, 10% used [0x0000000080a00000,0x0000000081318000,0x0000000085f80000)
 Metaspace       used 6331K, capacity 6419K, committed 6656K, reserved 1056768K
  class space    used 633K, capacity 668K, committed 768K, reserved 1048576K
Event: 1.310 GC heap after
Heap after GC invocations=5 (full 0):
 PSYoungGen      total 71680K, used 5088K [0x00000000d5900000, 0x00000000df800000, 0x0000000100000000)
  eden space 66560K, 0% used [0x00000000d5900000,0x00000000d5900000,0x00000000d9a00000)
  from space 5120K, 99% used [0x00000000d9a00000,0x00000000d9ef8100,0x00000000d9f00000)
  to   space 14848K, 0% used [0x00000000de980000,0x00000000de980000,0x00000000df800000)
 ParOldGen       total 87552K, used 15133K [0x0000000080a00000, 0x0000000085f80000, 0x00000000d5900000)
  object space 87552K, 17% used [0x0000000080a00000,0x00000000818c77a0,0x0000000085f80000)
 Metaspace       used 6331K, capacity 6419K, committed 6656K, reserved 1056768K
  class space    used 633K, capacity 668K, committed 768K, reserved 1048576K
}
Event: 1.349 GC heap before
{Heap before GC invocations=6 (full 0):
 PSYoungGen      total 71680K, used 71648K [0x00000000d5900000, 0x00000000df800000, 0x0000000100000000)
  eden space 66560K, 100% used [0x00000000d5900000,0x00000000d9a00000,0x00000000d9a00000)
  from space 5120K, 99% used [0x00000000d9a00000,0x00000000d9ef8100,0x00000000d9f00000)
  to   space 14848K, 0% used [0x00000000de980000,0x00000000de980000,0x00000000df800000)
 ParOldGen       total 87552K, used 15133K [0x0000000080a00000, 0x0000000085f80000, 0x00000000d5900000)
  object space 87552K, 17% used [0x0000000080a00000,0x00000000818c77a0,0x0000000085f80000)
 Metaspace       used 6331K, capacity 6419K, committed 6656K, reserved 1056768K
  class space    used 633K, capacity 668K, committed 768K, reserved 1048576K
Event: 1.354 GC heap after
Heap after GC invocations=6 (full 0):
 PSYoungGen      total 145920K, used 7673K [0x00000000d5900000, 0x00000000df600000, 0x0000000100000000)
  eden space 133120K, 0% used [0x00000000d5900000,0x00000000d5900000,0x00000000ddb00000)
  from space 12800K, 59% used [0x00000000de980000,0x00000000df0fe540,0x00000000df600000)
  to   space 13824K, 0% used [0x00000000ddb00000,0x00000000ddb00000,0x00000000de880000)
 ParOldGen       total 87552K, used 15133K [0x0000000080a00000, 0x0000000085f80000, 0x00000000d5900000)
  object space 87552K, 17% used [0x0000000080a00000,0x00000000818c77a0,0x0000000085f80000)
 Metaspace       used 6331K, capacity 6419K, committed 6656K, reserved 1056768K
  class space    used 633K, capacity 668K, committed 768K, reserved 1048576K
}

Deoptimization events (7 events):
Event: 1.102 Thread 0x000000000034d800 Uncommon trap: reason=array_check action=maybe_recompile pc=0x0000000002a337a0 method=java.util.AbstractCollection.toArray([Ljava/lang/Object;)[Ljava/lang/Object; @ 119
Event: 1.102 Thread 0x000000000034d800 Uncommon trap: reason=array_check action=maybe_recompile pc=0x0000000002a337a0 method=java.util.AbstractCollection.toArray([Ljava/lang/Object;)[Ljava/lang/Object; @ 119
Event: 1.102 Thread 0x000000000034d800 Uncommon trap: reason=array_check action=maybe_recompile pc=0x0000000002a337a0 method=java.util.AbstractCollection.toArray([Ljava/lang/Object;)[Ljava/lang/Object; @ 119
Event: 1.102 Thread 0x000000000034d800 Uncommon trap: reason=array_check action=maybe_recompile pc=0x0000000002a337a0 method=java.util.AbstractCollection.toArray([Ljava/lang/Object;)[Ljava/lang/Object; @ 119
Event: 1.264 Thread 0x000000000034d800 Uncommon trap: reason=unreached action=reinterpret pc=0x0000000002a85834 method=renderEngine.OBJLoader.loadObjModel(Ljava/lang/String;LrenderEngine/Loader;)Lmodels/RawModel; @ 322
Event: 1.375 Thread 0x000000000034d800 Uncommon trap: reason=unreached action=reinterpret pc=0x0000000002a9a464 method=renderEngine.OBJLoader.loadObjModel(Ljava/lang/String;LrenderEngine/Loader;)Lmodels/RawModel; @ 583
Event: 1.398 Thread 0x000000000034d800 Uncommon trap: reason=unloaded action=reinterpret pc=0x0000000002a349a4 method=sun.misc.FloatingDecimal$ASCIIToBinaryBuffer.floatValue()F @ 579

Internal exceptions (10 events):
Event: 1.486 Thread 0x000000000034d800 Exception <a 'java/security/PrivilegedActionException'> (0x00000000d835f508) thrown at [D:\re\workspace\8-2-build-windows-amd64-cygwin\jdk8u25\1677\hotspot\src\share\vm\prims\jvm.cpp, line 1312]
Event: 1.487 Thread 0x000000000034d800 Exception <a 'java/security/PrivilegedActionException'> (0x00000000d8362790) thrown at [D:\re\workspace\8-2-build-windows-amd64-cygwin\jdk8u25\1677\hotspot\src\share\vm\prims\jvm.cpp, line 1312]
Event: 1.487 Thread 0x000000000034d800 Exception <a 'java/security/PrivilegedActionException'> (0x00000000d83649b0) thrown at [D:\re\workspace\8-2-build-windows-amd64-cygwin\jdk8u25\1677\hotspot\src\share\vm\prims\jvm.cpp, line 1312]
Event: 1.598 Thread 0x000000000034d800 Exception <a 'java/security/PrivilegedActionException'> (0x00000000d868b3a0) thrown at [D:\re\workspace\8-2-build-windows-amd64-cygwin\jdk8u25\1677\hotspot\src\share\vm\prims\jvm.cpp, line 1312]
Event: 1.599 Thread 0x000000000034d800 Exception <a 'java/security/PrivilegedActionException'> (0x00000000d868d6b0) thrown at [D:\re\workspace\8-2-build-windows-amd64-cygwin\jdk8u25\1677\hotspot\src\share\vm\prims\jvm.cpp, line 1312]
Event: 1.600 Thread 0x000000000034d800 Exception <a 'java/security/PrivilegedActionException'> (0x00000000d8690e58) thrown at [D:\re\workspace\8-2-build-windows-amd64-cygwin\jdk8u25\1677\hotspot\src\share\vm\prims\jvm.cpp, line 1312]
Event: 1.600 Thread 0x000000000034d800 Exception <a 'java/security/PrivilegedActionException'> (0x00000000d8694348) thrown at [D:\re\workspace\8-2-build-windows-amd64-cygwin\jdk8u25\1677\hotspot\src\share\vm\prims\jvm.cpp, line 1312]
Event: 1.662 Thread 0x000000000034d800 Exception <a 'java/security/PrivilegedActionException'> (0x00000000d88f8d48) thrown at [D:\re\workspace\8-2-build-windows-amd64-cygwin\jdk8u25\1677\hotspot\src\share\vm\prims\jvm.cpp, line 1312]
Event: 1.686 Thread 0x000000000034d800 Exception <a 'java/security/PrivilegedActionException'> (0x00000000d89befa0) thrown at [D:\re\workspace\8-2-build-windows-amd64-cygwin\jdk8u25\1677\hotspot\src\share\vm\prims\jvm.cpp, line 1312]
Event: 1.929 Thread 0x000000000034d800 Exception <a 'java/security/PrivilegedActionException'> (0x00000000d95e2b88) thrown at [D:\re\workspace\8-2-build-windows-amd64-cygwin\jdk8u25\1677\hotspot\src\share\vm\prims\jvm.cpp, line 1312]

Events (10 events):
Event: 1.696 loading class java/util/IdentityHashMap$Values done
Event: 1.696 loading class java/util/IdentityHashMap$ValueIterator
Event: 1.696 loading class java/util/IdentityHashMap$IdentityHashMapIterator
Event: 1.696 loading class java/util/IdentityHashMap$IdentityHashMapIterator done
Event: 1.696 loading class java/util/IdentityHashMap$ValueIterator done
Event: 1.696 Thread 0x0000000058c3b800 Thread exited: 0x0000000058c3b800
Event: 1.929 loading class org/lwjgl/opengl/WindowsKeycodes
Event: 1.929 loading class org/lwjgl/opengl/WindowsKeycodes done
Event: 3.441 Thread 0x000000000034d800 DEOPT PACKING pc=0x0000000002b2926a sp=0x000000000282efe0
Event: 3.441 Thread 0x000000000034d800 DEOPT UNPACKING pc=0x00000000028775bf sp=0x000000000282ed48 mode 0


Dynamic libraries:
0x000000013f3c0000 - 0x000000013f3f4000 	D:\Java dev kit\bin\javaw.exe
0x0000000077bb0000 - 0x0000000077d59000 	C:\Windows\SYSTEM32\ntdll.dll
0x0000000077990000 - 0x0000000077aaf000 	C:\Windows\system32\kernel32.dll
0x000007fefdbc0000 - 0x000007fefdc2c000 	C:\Windows\system32\KERNELBASE.dll
0x000007fefe0a0000 - 0x000007fefe17b000 	C:\Windows\system32\ADVAPI32.dll
0x000007fefe4f0000 - 0x000007fefe58f000 	C:\Windows\system32\msvcrt.dll
0x000007fefddd0000 - 0x000007fefddef000 	C:\Windows\SYSTEM32\sechost.dll
0x000007feff9b0000 - 0x000007feffadd000 	C:\Windows\system32\RPCRT4.dll
0x0000000077ab0000 - 0x0000000077baa000 	C:\Windows\system32\USER32.dll
0x000007fefe5f0000 - 0x000007fefe657000 	C:\Windows\system32\GDI32.dll
0x000007feff9a0000 - 0x000007feff9ae000 	C:\Windows\system32\LPK.dll
0x000007fefe840000 - 0x000007fefe909000 	C:\Windows\system32\USP10.dll
0x000007fefc4d0000 - 0x000007fefc6c4000 	C:\Windows\WinSxS\amd64_microsoft.windows.common-controls_6595b64144ccf1df_6.0.7601.17514_none_fa396087175ac9ac\COMCTL32.dll
0x000007fefe410000 - 0x000007fefe481000 	C:\Windows\system32\SHLWAPI.dll
0x000007fefebe0000 - 0x000007fefec0e000 	C:\Windows\system32\IMM32.DLL
0x000007fefe300000 - 0x000007fefe409000 	C:\Windows\system32\MSCTF.dll
0x0000000074940000 - 0x0000000074a12000 	D:\Java dev kit\bin\msvcr100.dll
0x00000000634d0000 - 0x0000000063d2a000 	D:\Java dev kit\bin\server\jvm.dll
0x000007feeb730000 - 0x000007feeb739000 	C:\Windows\system32\WSOCK32.dll
0x000007fefe4a0000 - 0x000007fefe4ed000 	C:\Windows\system32\WS2_32.dll
0x000007fefe490000 - 0x000007fefe498000 	C:\Windows\system32\NSI.dll
0x000007fefb470000 - 0x000007fefb4ab000 	C:\Windows\system32\WINMM.dll
0x0000000077d70000 - 0x0000000077d77000 	C:\Windows\system32\PSAPI.DLL
0x0000000074ea0000 - 0x0000000074eaf000 	D:\Java dev kit\bin\verify.dll
0x0000000074e70000 - 0x0000000074e98000 	D:\Java dev kit\bin\java.dll
0x0000000074e50000 - 0x0000000074e66000 	D:\Java dev kit\bin\zip.dll
0x000007fefec10000 - 0x000007feff999000 	C:\Windows\system32\SHELL32.dll
0x000007fefde70000 - 0x000007fefe073000 	C:\Windows\system32\ole32.dll
0x000007fefd980000 - 0x000007fefd98f000 	C:\Windows\system32\profapi.dll
0x000000006a040000 - 0x000000006a1d8000 	D:\Java dev kit\bin\awt.dll
0x000007fefe180000 - 0x000007fefe257000 	C:\Windows\system32\OLEAUT32.dll
0x000007fefc150000 - 0x000007fefc1a6000 	C:\Windows\system32\uxtheme.dll
0x000007fee6150000 - 0x000007fee6175000 	C:\Program Files (x86)\Raptr\ltc_help64-94307.dll
0x000007fefdb10000 - 0x000007fefdb4b000 	C:\Windows\system32\WINTRUST.dll
0x000007fefd9a0000 - 0x000007fefdb0d000 	C:\Windows\system32\CRYPT32.dll
0x000007fefd970000 - 0x000007fefd97f000 	C:\Windows\system32\MSASN1.dll
0x000007fefbcd0000 - 0x000007fefbce8000 	C:\Windows\system32\dwmapi.dll
0x000007fefd810000 - 0x000007fefd81f000 	C:\Windows\system32\CRYPTBASE.dll
0x0000000180000000 - 0x0000000180053000 	D:\Dropbox\Vidya\Rendering\Alt GameProject\lib\natives-win\lwjgl64.dll
0x000007fef79b0000 - 0x000007fef7acd000 	C:\Windows\system32\OPENGL32.dll
0x000007fef7cd0000 - 0x000007fef7cfd000 	C:\Windows\system32\GLU32.dll
0x000007feed010000 - 0x000007feed101000 	C:\Windows\system32\DDRAW.dll
0x000007fee6180000 - 0x000007fee6188000 	C:\Windows\system32\DCIMAN32.dll
0x000007fefe660000 - 0x000007fefe837000 	C:\Windows\system32\SETUPAPI.dll
0x000007fefdc30000 - 0x000007fefdc66000 	C:\Windows\system32\CFGMGR32.dll
0x000007fefdb70000 - 0x000007fefdb8a000 	C:\Windows\system32\DEVOBJ.dll
0x000007fefca10000 - 0x000007fefca1c000 	C:\Windows\system32\VERSION.dll
0x000007fef7990000 - 0x000007fef79a8000 	C:\Windows\system32\atig6pxx.dll
0x000000005a600000 - 0x000000005c1ae000 	C:\Windows\system32\atio6axx.dll
0x000007feed230000 - 0x000007feed368000 	C:\Windows\system32\atiadlxx.dll
0x000007fefc1b0000 - 0x000007fefc2dc000 	C:\Windows\system32\PROPSYS.dll
0x000007fefdb50000 - 0x000007fefdb6e000 	C:\Windows\system32\USERENV.dll
0x000007fefc9f0000 - 0x000007fefca01000 	C:\Windows\system32\WTSAPI32.dll
0x000007fefadc0000 - 0x000007fefade7000 	C:\Windows\system32\IPHLPAPI.DLL
0x000007fefadb0000 - 0x000007fefadbb000 	C:\Windows\system32\WINNSI.DLL
0x000007fef7930000 - 0x000007fef7959000 	C:\Windows\system32\atig6txx.dll
0x000007fee39e0000 - 0x000007fee3a7c000 	C:\Windows\system32\mscms.dll
0x000007fee3940000 - 0x000007fee3982000 	C:\Windows\system32\icm32.dll

VM Arguments:
jvm_args: -Djava.library.path=D:\Dropbox\Vidya\Rendering\Alt GameProject\lib\natives-win -Dfile.encoding=GBK 
java_command: engineTester.MainGameLoop
java_class_path (initial): D:\Dropbox\Vidya\Rendering\Alt GameProject\bin;D:\Dropbox\Vidya\Rendering\Alt GameProject\lib\jars\lwjgl_util.jar;D:\Dropbox\Vidya\Rendering\Alt GameProject\lib\jars\lwjgl.jar;D:\Dropbox\Vidya\Rendering\Alt GameProject\lib\jars\slick-util.jar
Launcher Type: SUN_STANDARD

Environment Variables:
PATH=D:/Java dev kit/bin/server;D:/Java dev kit/bin;D:/Java dev kit/lib/amd64;C:\ProgramData\Oracle\Java\javapath;C:\Program Files (x86)\NVIDIA Corporation\PhysX\Common;c:\Program Files (x86)\AMD APP\bin\x86_64;c:\Program Files (x86)\AMD APP\bin\x86;C:\Program Files\Common Files\Microsoft Shared\Windows Live;C:\Program Files (x86)\Common Files\Microsoft Shared\Windows Live;C:\Windows\system32;C:\Windows;C:\Windows\System32\Wbem;C:\Windows\System32\WindowsPowerShell\v1.0\;c:\Program Files (x86)\ATI Technologies\ATI.ACE\Core-Static;C:\Program Files (x86)\Autodesk\Backburner\;C:\Program Files\Common Files\Autodesk Shared\;C:\Program Files\Microsoft SQL Server\110\Tools\Binn\;C:\Program Files (x86)\Windows Live\Shared;C:\Program Files (x86)\AMD\ATI.ACE\Core-Static;C:\Program Files (x86)\Skype\Phone\;D:\Eclipse\eclipse;
USERNAME=Andreas
OS=Windows_NT
PROCESSOR_IDENTIFIER=Intel64 Family 6 Model 58 Stepping 9, GenuineIntel



---------------  S Y S T E M  ---------------

OS: Windows 7 , 64 bit Build 7601 Service Pack 1

CPU:total 4 (4 cores per cpu, 1 threads per core) family 6 model 58 stepping 9, cmov, cx8, fxsr, mmx, sse, sse2, sse3, ssse3, sse4.1, sse4.2, popcnt, avx, aes, clmul, erms, tsc, tscinvbit, tscinv

Memory: 4k page, physical 8340840k(185764k free), swap 10860216k(4316k free)

vm_info: Java HotSpot(TM) 64-Bit Server VM (25.25-b02) for windows-amd64 JRE (1.8.0_25-b18), built on Oct  7 2014 14:25:37 by "java_re" with MS VC++ 10.0 (VS2010)

time: Tue Apr 14 23:56:26 2015
elapsed time: 3 seconds (0d 0h 0m 3s)

